

Started GET "/" for ::1 at 2015-09-08 18:06:01 -0300
Processing by Rails::WelcomeController#index as HTML
  Rendered /Users/franzejr/.rvm/gems/ruby-2.1.5/gems/railties-4.2.1/lib/rails/templates/rails/welcome/index.html.erb (1.4ms)
Completed 200 OK in 7ms (Views: 6.6ms | ActiveRecord: 0.0ms)


Started GET "/" for ::1 at 2015-09-08 18:06:01 -0300
Processing by Rails::WelcomeController#index as HTML
  Rendered /Users/franzejr/.rvm/gems/ruby-2.1.5/gems/railties-4.2.1/lib/rails/templates/rails/welcome/index.html.erb (0.3ms)
Completed 200 OK in 2ms (Views: 2.2ms | ActiveRecord: 0.0ms)
  [1m[36m (1.0ms)[0m  [1mCREATE TABLE "schema_migrations" ("version" varchar NOT NULL) [0m
  [1m[35m (0.0ms)[0m  select sqlite_version(*)
  [1m[36m (0.9ms)[0m  [1mCREATE UNIQUE INDEX "unique_schema_migrations" ON "schema_migrations" ("version")[0m
  [1m[35mActiveRecord::SchemaMigration Load (0.1ms)[0m  SELECT "schema_migrations".* FROM "schema_migrations"
Migrating to CreateWords (20150908210832)
  [1m[36m (0.1ms)[0m  [1mbegin transaction[0m
  [1m[35m (0.4ms)[0m  CREATE TABLE "words" ("id" INTEGER PRIMARY KEY AUTOINCREMENT NOT NULL, "name" varchar, "created_at" datetime NOT NULL, "updated_at" datetime NOT NULL) 
  [1m[36mSQL (0.2ms)[0m  [1mINSERT INTO "schema_migrations" ("version") VALUES (?)[0m  [["version", "20150908210832"]]
  [1m[35m (0.7ms)[0m  commit transaction
Migrating to CreateDefinitions (20150908211026)
  [1m[36m (0.0ms)[0m  [1mbegin transaction[0m
  [1m[35m (0.3ms)[0m  CREATE TABLE "definitions" ("id" INTEGER PRIMARY KEY AUTOINCREMENT NOT NULL, "name" varchar, "word_id" integer, "created_at" datetime NOT NULL, "updated_at" datetime NOT NULL) 
  [1m[36mSQL (0.1ms)[0m  [1mINSERT INTO "schema_migrations" ("version") VALUES (?)[0m  [["version", "20150908211026"]]
  [1m[35m (0.7ms)[0m  commit transaction
  [1m[36mActiveRecord::SchemaMigration Load (0.1ms)[0m  [1mSELECT "schema_migrations".* FROM "schema_migrations"[0m
  [1m[36m (0.2ms)[0m  [1mbegin transaction[0m
  [1m[35mSQL (0.4ms)[0m  INSERT INTO "words" ("name", "created_at", "updated_at") VALUES (?, ?, ?)  [["name", "World"], ["created_at", "2015-09-08 21:19:51.515484"], ["updated_at", "2015-09-08 21:19:51.515484"]]
  [1m[36m (8.6ms)[0m  [1mcommit transaction[0m
  [1m[35mDefinition Load (0.2ms)[0m  SELECT "definitions".* FROM "definitions" WHERE "definitions"."word_id" = ?  [["word_id", 1]]


Started GET "/" for ::1 at 2015-09-08 18:22:41 -0300
  [1m[36mActiveRecord::SchemaMigration Load (0.2ms)[0m  [1mSELECT "schema_migrations".* FROM "schema_migrations"[0m
Processing by Rails::WelcomeController#index as HTML
  Rendered /Users/franzejr/.rvm/gems/ruby-2.1.5/gems/railties-4.2.1/lib/rails/templates/rails/welcome/index.html.erb (1.3ms)
Completed 200 OK in 12ms (Views: 11.9ms | ActiveRecord: 0.0ms)


Started GET "/" for ::1 at 2015-09-08 18:22:41 -0300
Processing by Rails::WelcomeController#index as HTML
  Rendered /Users/franzejr/.rvm/gems/ruby-2.1.5/gems/railties-4.2.1/lib/rails/templates/rails/welcome/index.html.erb (0.1ms)
Completed 200 OK in 1ms (Views: 1.0ms | ActiveRecord: 0.0ms)


Started GET "/words" for ::1 at 2015-09-08 18:22:44 -0300
Processing by WordsController#index as HTML
  [1m[35mWord Load (0.2ms)[0m  SELECT "words".* FROM "words"
Completed 500 Internal Server Error in 10ms (ActiveRecord: 0.5ms)

NoMethodError (undefined method `new' for nil:NilClass):
  app/controllers/words_controller.rb:4:in `index'


  Rendered /Users/franzejr/.rvm/gems/ruby-2.1.5/gems/actionpack-4.2.1/lib/action_dispatch/middleware/templates/rescues/_source.erb (3.9ms)
  Rendered /Users/franzejr/.rvm/gems/ruby-2.1.5/gems/actionpack-4.2.1/lib/action_dispatch/middleware/templates/rescues/_trace.html.erb (2.0ms)
  Rendered /Users/franzejr/.rvm/gems/ruby-2.1.5/gems/actionpack-4.2.1/lib/action_dispatch/middleware/templates/rescues/_request_and_response.html.erb (0.9ms)
  Rendered /Users/franzejr/.rvm/gems/ruby-2.1.5/gems/actionpack-4.2.1/lib/action_dispatch/middleware/templates/rescues/diagnostics.html.erb within rescues/layout (18.1ms)


Started GET "/words" for ::1 at 2015-09-08 18:23:55 -0300
Processing by WordsController#index as HTML
  [1m[36mWord Load (0.2ms)[0m  [1mSELECT "words".* FROM "words"[0m
Completed 500 Internal Server Error in 6ms (ActiveRecord: 0.5ms)

NoMethodError (undefined method `new' for nil:NilClass):
  app/controllers/words_controller.rb:4:in `index'


  Rendered /Users/franzejr/.rvm/gems/ruby-2.1.5/gems/actionpack-4.2.1/lib/action_dispatch/middleware/templates/rescues/_source.erb (3.8ms)
  Rendered /Users/franzejr/.rvm/gems/ruby-2.1.5/gems/actionpack-4.2.1/lib/action_dispatch/middleware/templates/rescues/_trace.html.erb (1.6ms)
  Rendered /Users/franzejr/.rvm/gems/ruby-2.1.5/gems/actionpack-4.2.1/lib/action_dispatch/middleware/templates/rescues/_request_and_response.html.erb (0.7ms)
  Rendered /Users/franzejr/.rvm/gems/ruby-2.1.5/gems/actionpack-4.2.1/lib/action_dispatch/middleware/templates/rescues/diagnostics.html.erb within rescues/layout (13.2ms)


Started GET "/words" for ::1 at 2015-09-08 18:24:05 -0300
Processing by WordsController#index as HTML
  [1m[35mWord Load (0.4ms)[0m  SELECT "words".* FROM "words"
Completed 500 Internal Server Error in 10ms (ActiveRecord: 0.7ms)

NoMethodError (undefined method `new' for nil:NilClass):
  app/controllers/words_controller.rb:4:in `index'


  Rendered /Users/franzejr/.rvm/gems/ruby-2.1.5/gems/actionpack-4.2.1/lib/action_dispatch/middleware/templates/rescues/_source.erb (4.0ms)
  Rendered /Users/franzejr/.rvm/gems/ruby-2.1.5/gems/actionpack-4.2.1/lib/action_dispatch/middleware/templates/rescues/_trace.html.erb (2.0ms)
  Rendered /Users/franzejr/.rvm/gems/ruby-2.1.5/gems/actionpack-4.2.1/lib/action_dispatch/middleware/templates/rescues/_request_and_response.html.erb (0.7ms)
  Rendered /Users/franzejr/.rvm/gems/ruby-2.1.5/gems/actionpack-4.2.1/lib/action_dispatch/middleware/templates/rescues/diagnostics.html.erb within rescues/layout (14.6ms)


Started GET "/words" for ::1 at 2015-09-08 18:24:12 -0300
  [1m[36mActiveRecord::SchemaMigration Load (0.2ms)[0m  [1mSELECT "schema_migrations".* FROM "schema_migrations"[0m
Processing by WordsController#index as HTML
  [1m[35mWord Load (0.1ms)[0m  SELECT "words".* FROM "words"
  [1m[36mDefinition Load (0.2ms)[0m  [1mSELECT "definitions".* FROM "definitions" WHERE "definitions"."word_id" = ?[0m  [["word_id", 1]]
Completed 200 OK in 38ms (Views: 33.2ms | ActiveRecord: 0.8ms)


Started GET "/words/World" for ::1 at 2015-09-08 18:29:10 -0300
Processing by WordsController#show as HTML
  Parameters: {"id"=>"World"}
  [1m[35mWord Load (0.2ms)[0m  SELECT  "words".* FROM "words" WHERE "words"."name" IS NULL LIMIT 1
Completed 200 OK in 10ms (Views: 1.0ms | ActiveRecord: 0.4ms)


Started GET "/words/1" for ::1 at 2015-09-08 18:29:19 -0300
Processing by WordsController#show as HTML
  Parameters: {"id"=>"1"}
  [1m[36mWord Load (0.3ms)[0m  [1mSELECT  "words".* FROM "words" WHERE "words"."name" IS NULL LIMIT 1[0m
Completed 200 OK in 1ms (Views: 0.1ms | ActiveRecord: 0.3ms)
  [1m[36mWord Load (0.2ms)[0m  [1mSELECT  "words".* FROM "words" WHERE "words"."name" = ? LIMIT 1[0m  [["name", "World"]]


Started GET "/words/World" for ::1 at 2015-09-08 18:32:04 -0300
Processing by WordsController#show as HTML
  Parameters: {"id"=>"World"}
  [1m[35mWord Load (0.1ms)[0m  SELECT  "words".* FROM "words" WHERE "words"."name" IS NULL LIMIT 1
Completed 200 OK in 4ms (Views: 0.9ms | ActiveRecord: 0.3ms)


Started GET "/words/World" for ::1 at 2015-09-08 18:32:16 -0300
Processing by WordsController#show as HTML
  Parameters: {"id"=>"World"}
  [1m[36mWord Load (0.1ms)[0m  [1mSELECT  "words".* FROM "words" WHERE "words"."name" = ? LIMIT 1[0m  [["name", "World"]]
  [1m[35mDefinition Load (0.1ms)[0m  SELECT "definitions".* FROM "definitions" WHERE "definitions"."word_id" = ?  [["word_id", 1]]
Completed 200 OK in 9ms (Views: 3.3ms | ActiveRecord: 0.8ms)


Started GET "/words/World" for ::1 at 2015-09-08 18:34:46 -0300

ActionController::RoutingError (No route matches [GET] "/words/World"):
  actionpack (4.2.1) lib/action_dispatch/middleware/debug_exceptions.rb:21:in `call'
  actionpack (4.2.1) lib/action_dispatch/middleware/show_exceptions.rb:30:in `call'
  railties (4.2.1) lib/rails/rack/logger.rb:38:in `call_app'
  railties (4.2.1) lib/rails/rack/logger.rb:20:in `block in call'
  activesupport (4.2.1) lib/active_support/tagged_logging.rb:68:in `block in tagged'
  activesupport (4.2.1) lib/active_support/tagged_logging.rb:26:in `tagged'
  activesupport (4.2.1) lib/active_support/tagged_logging.rb:68:in `tagged'
  railties (4.2.1) lib/rails/rack/logger.rb:20:in `call'
  actionpack (4.2.1) lib/action_dispatch/middleware/request_id.rb:21:in `call'
  rack (1.6.4) lib/rack/runtime.rb:18:in `call'
  activesupport (4.2.1) lib/active_support/cache/strategy/local_cache_middleware.rb:28:in `call'
  rack (1.6.4) lib/rack/lock.rb:17:in `call'
  actionpack (4.2.1) lib/action_dispatch/middleware/static.rb:113:in `call'
  railties (4.2.1) lib/rails/engine.rb:518:in `call'
  railties (4.2.1) lib/rails/application.rb:164:in `call'
  rack (1.6.4) lib/rack/content_length.rb:15:in `call'
  puma (2.13.4) lib/puma/server.rb:541:in `handle_request'
  puma (2.13.4) lib/puma/server.rb:388:in `process_client'
  puma (2.13.4) lib/puma/server.rb:270:in `block in run'
  puma (2.13.4) lib/puma/thread_pool.rb:106:in `call'
  puma (2.13.4) lib/puma/thread_pool.rb:106:in `block in spawn_thread'


  Rendered /Users/franzejr/.rvm/gems/ruby-2.1.5/gems/actionpack-4.2.1/lib/action_dispatch/middleware/templates/rescues/_trace.html.erb (1.2ms)
  Rendered /Users/franzejr/.rvm/gems/ruby-2.1.5/gems/actionpack-4.2.1/lib/action_dispatch/middleware/templates/routes/_route.html.erb (1.0ms)
  Rendered /Users/franzejr/.rvm/gems/ruby-2.1.5/gems/actionpack-4.2.1/lib/action_dispatch/middleware/templates/routes/_table.html.erb (8.0ms)
  Rendered /Users/franzejr/.rvm/gems/ruby-2.1.5/gems/actionpack-4.2.1/lib/action_dispatch/middleware/templates/rescues/_request_and_response.html.erb (1.0ms)
  Rendered /Users/franzejr/.rvm/gems/ruby-2.1.5/gems/actionpack-4.2.1/lib/action_dispatch/middleware/templates/rescues/routing_error.html.erb within rescues/layout (28.4ms)


Started GET "/words/World" for ::1 at 2015-09-08 18:35:04 -0300

ActionController::RoutingError (No route matches [GET] "/words/World"):
  actionpack (4.2.1) lib/action_dispatch/middleware/debug_exceptions.rb:21:in `call'
  actionpack (4.2.1) lib/action_dispatch/middleware/show_exceptions.rb:30:in `call'
  railties (4.2.1) lib/rails/rack/logger.rb:38:in `call_app'
  railties (4.2.1) lib/rails/rack/logger.rb:20:in `block in call'
  activesupport (4.2.1) lib/active_support/tagged_logging.rb:68:in `block in tagged'
  activesupport (4.2.1) lib/active_support/tagged_logging.rb:26:in `tagged'
  activesupport (4.2.1) lib/active_support/tagged_logging.rb:68:in `tagged'
  railties (4.2.1) lib/rails/rack/logger.rb:20:in `call'
  actionpack (4.2.1) lib/action_dispatch/middleware/request_id.rb:21:in `call'
  rack (1.6.4) lib/rack/runtime.rb:18:in `call'
  activesupport (4.2.1) lib/active_support/cache/strategy/local_cache_middleware.rb:28:in `call'
  rack (1.6.4) lib/rack/lock.rb:17:in `call'
  actionpack (4.2.1) lib/action_dispatch/middleware/static.rb:113:in `call'
  railties (4.2.1) lib/rails/engine.rb:518:in `call'
  railties (4.2.1) lib/rails/application.rb:164:in `call'
  rack (1.6.4) lib/rack/content_length.rb:15:in `call'
  puma (2.13.4) lib/puma/server.rb:541:in `handle_request'
  puma (2.13.4) lib/puma/server.rb:388:in `process_client'
  puma (2.13.4) lib/puma/server.rb:270:in `block in run'
  puma (2.13.4) lib/puma/thread_pool.rb:106:in `call'
  puma (2.13.4) lib/puma/thread_pool.rb:106:in `block in spawn_thread'


  Rendered /Users/franzejr/.rvm/gems/ruby-2.1.5/gems/actionpack-4.2.1/lib/action_dispatch/middleware/templates/rescues/_trace.html.erb (1.1ms)
  Rendered /Users/franzejr/.rvm/gems/ruby-2.1.5/gems/actionpack-4.2.1/lib/action_dispatch/middleware/templates/routes/_route.html.erb (0.5ms)
  Rendered /Users/franzejr/.rvm/gems/ruby-2.1.5/gems/actionpack-4.2.1/lib/action_dispatch/middleware/templates/routes/_table.html.erb (0.9ms)
  Rendered /Users/franzejr/.rvm/gems/ruby-2.1.5/gems/actionpack-4.2.1/lib/action_dispatch/middleware/templates/rescues/_request_and_response.html.erb (0.6ms)
  Rendered /Users/franzejr/.rvm/gems/ruby-2.1.5/gems/actionpack-4.2.1/lib/action_dispatch/middleware/templates/rescues/routing_error.html.erb within rescues/layout (13.1ms)


Started GET "/words/World" for ::1 at 2015-09-08 18:35:05 -0300

ActionController::RoutingError (No route matches [GET] "/words/World"):
  actionpack (4.2.1) lib/action_dispatch/middleware/debug_exceptions.rb:21:in `call'
  actionpack (4.2.1) lib/action_dispatch/middleware/show_exceptions.rb:30:in `call'
  railties (4.2.1) lib/rails/rack/logger.rb:38:in `call_app'
  railties (4.2.1) lib/rails/rack/logger.rb:20:in `block in call'
  activesupport (4.2.1) lib/active_support/tagged_logging.rb:68:in `block in tagged'
  activesupport (4.2.1) lib/active_support/tagged_logging.rb:26:in `tagged'
  activesupport (4.2.1) lib/active_support/tagged_logging.rb:68:in `tagged'
  railties (4.2.1) lib/rails/rack/logger.rb:20:in `call'
  actionpack (4.2.1) lib/action_dispatch/middleware/request_id.rb:21:in `call'
  rack (1.6.4) lib/rack/runtime.rb:18:in `call'
  activesupport (4.2.1) lib/active_support/cache/strategy/local_cache_middleware.rb:28:in `call'
  rack (1.6.4) lib/rack/lock.rb:17:in `call'
  actionpack (4.2.1) lib/action_dispatch/middleware/static.rb:113:in `call'
  railties (4.2.1) lib/rails/engine.rb:518:in `call'
  railties (4.2.1) lib/rails/application.rb:164:in `call'
  rack (1.6.4) lib/rack/content_length.rb:15:in `call'
  puma (2.13.4) lib/puma/server.rb:541:in `handle_request'
  puma (2.13.4) lib/puma/server.rb:388:in `process_client'
  puma (2.13.4) lib/puma/server.rb:270:in `block in run'
  puma (2.13.4) lib/puma/thread_pool.rb:106:in `call'
  puma (2.13.4) lib/puma/thread_pool.rb:106:in `block in spawn_thread'


  Rendered /Users/franzejr/.rvm/gems/ruby-2.1.5/gems/actionpack-4.2.1/lib/action_dispatch/middleware/templates/rescues/_trace.html.erb (1.8ms)
  Rendered /Users/franzejr/.rvm/gems/ruby-2.1.5/gems/actionpack-4.2.1/lib/action_dispatch/middleware/templates/routes/_route.html.erb (0.7ms)
  Rendered /Users/franzejr/.rvm/gems/ruby-2.1.5/gems/actionpack-4.2.1/lib/action_dispatch/middleware/templates/routes/_table.html.erb (1.1ms)
  Rendered /Users/franzejr/.rvm/gems/ruby-2.1.5/gems/actionpack-4.2.1/lib/action_dispatch/middleware/templates/rescues/_request_and_response.html.erb (0.8ms)
  Rendered /Users/franzejr/.rvm/gems/ruby-2.1.5/gems/actionpack-4.2.1/lib/action_dispatch/middleware/templates/rescues/routing_error.html.erb within rescues/layout (17.6ms)


Started GET "/words/World" for ::1 at 2015-09-08 18:36:25 -0300
Processing by WordsController#show as HTML
  Parameters: {"name"=>"World"}
  [1m[36mWord Load (0.1ms)[0m  [1mSELECT  "words".* FROM "words" WHERE "words"."name" = ? LIMIT 1[0m  [["name", "World"]]
  [1m[35mDefinition Load (0.1ms)[0m  SELECT "definitions".* FROM "definitions" WHERE "definitions"."word_id" = ?  [["word_id", 1]]
Completed 200 OK in 11ms (Views: 4.5ms | ActiveRecord: 0.8ms)


Started GET "/words/World" for ::1 at 2015-09-08 18:36:43 -0300
Processing by WordsController#show as HTML
  Parameters: {"name"=>"World"}
  [1m[36mWord Load (0.1ms)[0m  [1mSELECT  "words".* FROM "words" WHERE "words"."name" = ? LIMIT 1[0m  [["name", "World"]]
  [1m[35mDefinition Load (0.1ms)[0m  SELECT "definitions".* FROM "definitions" WHERE "definitions"."word_id" = ?  [["word_id", 1]]
Completed 200 OK in 2ms (Views: 1.0ms | ActiveRecord: 0.2ms)
